<?xml version="1.0" encoding="UTF-8"?>
<!-- Generated by org.testng.reporters.JUnitXMLReporter -->
<testsuite hostname="zneusw4n18rik1" ignored="0" name="WMS1_Export Data" tests="14" failures="3" timestamp="05 Mar 2020 10:33:39 GMT" time="1166.669" errors="0">
  <testcase name="feature" time="53.308" classname="cucumber.api.testng.AbstractTestNGCucumberTests"/>
  <testcase name="feature" time="76.187" classname="cucumber.api.testng.AbstractTestNGCucumberTests">
    <failure type="cucumber.runtime.CucumberException" message="java.lang.AssertionError: expected [true] but found [false]">
      <![CDATA[cucumber.runtime.CucumberException: java.lang.AssertionError: expected [true] but found [false]
at cucumber.api.testng.TestNGCucumberRunner.runCucumber(TestNGCucumberRunner.java:69)
at cucumber.api.testng.AbstractTestNGCucumberTests.feature(AbstractTestNGCucumberTests.java:21)
at java.util.concurrent.FutureTask.run(FutureTask.java:266)
at java.util.concurrent.ThreadPoolExecutor.runWorker(ThreadPoolExecutor.java:1149)
at java.util.concurrent.ThreadPoolExecutor$Worker.run(ThreadPoolExecutor.java:624)
at java.lang.Thread.run(Thread.java:748)
Caused by: java.lang.AssertionError: expected [true] but found [false]
at pageObjects.ScreenCaptureUtilityPage.validateScreenShotWithBaselineImage(ScreenCaptureUtilityPage.java:68)
at stepDefenitions.ExpandedMode_HideAndDisplayTracks_Step.Expanded_track_one_should_be_hidden_hidden_track(ExpandedMode_HideAndDisplayTracks_Step.java:84)
at ✽.Then Expanded Track one should be hidden same as normal mode hidden track(WMS1_BoreHoleParameterRed_HideTrack_ExpandedMode_RegressionTest_05.feature:20)
... Removed 20 stack frames]]>
    </failure>
  </testcase> <!-- feature -->
  <testcase name="feature" time="70.336" classname="cucumber.api.testng.AbstractTestNGCucumberTests"/>
  <testcase name="feature" time="156.637" classname="cucumber.api.testng.AbstractTestNGCucumberTests">
    <failure type="cucumber.runtime.CucumberException" message="java.lang.AssertionError: expected [true] but found [false]">
      <![CDATA[cucumber.runtime.CucumberException: java.lang.AssertionError: expected [true] but found [false]
at cucumber.api.testng.TestNGCucumberRunner.runCucumber(TestNGCucumberRunner.java:69)
at cucumber.api.testng.AbstractTestNGCucumberTests.feature(AbstractTestNGCucumberTests.java:21)
at java.util.concurrent.FutureTask.run(FutureTask.java:266)
at java.util.concurrent.ThreadPoolExecutor.runWorker(ThreadPoolExecutor.java:1149)
at java.util.concurrent.ThreadPoolExecutor$Worker.run(ThreadPoolExecutor.java:624)
at java.lang.Thread.run(Thread.java:748)
Caused by: java.lang.AssertionError: expected [true] but found [false]
at pageObjects.ScreenCaptureUtilityPage.validateScreenShotWithBaselineImage(ScreenCaptureUtilityPage.java:68)
at stepDefenitions.ExpandedMode_HideAndDisplayTracks_Step.track_one_should_be_visible_at_its_original_place_for_restore_default_setting_for_expanded_Mode(ExpandedMode_HideAndDisplayTracks_Step.java:112)
at ✽.Then Track one should be visible at its original place for restore default setting for expanded Mode(WMS1_BoreHoleParameterRed_UnHideTrack_ExpandedlMode_RegressionTest_07.feature:21)
... Removed 20 stack frames]]>
    </failure>
  </testcase> <!-- feature -->
  <testcase name="feature" time="132.833" classname="cucumber.api.testng.AbstractTestNGCucumberTests">
    <failure type="cucumber.runtime.CucumberException" message="java.lang.AssertionError: expected [true] but found [false]">
      <![CDATA[cucumber.runtime.CucumberException: java.lang.AssertionError: expected [true] but found [false]
at cucumber.api.testng.TestNGCucumberRunner.runCucumber(TestNGCucumberRunner.java:69)
at cucumber.api.testng.AbstractTestNGCucumberTests.feature(AbstractTestNGCucumberTests.java:21)
at java.util.concurrent.FutureTask.run(FutureTask.java:266)
at java.util.concurrent.ThreadPoolExecutor.runWorker(ThreadPoolExecutor.java:1149)
at java.util.concurrent.ThreadPoolExecutor$Worker.run(ThreadPoolExecutor.java:624)
at java.lang.Thread.run(Thread.java:748)
Caused by: java.lang.AssertionError: expected [true] but found [false]
at pageObjects.ScreenCaptureUtilityPage.validateScreenShotWithBaselineImage(ScreenCaptureUtilityPage.java:68)
at stepDefenitions.NormalMode_HideAndDispalyTracks_Steps.track_one_should_be_visible_at_its_original_place_after_pressing_apply_button_at_normal_mode(NormalMode_HideAndDispalyTracks_Steps.java:147)
at ✽.Then Track one should be visible at its original place after pressing apply button at normal mode(WMS1_BoreHoleParameterRed_UnHideTrack_NormalMode_RegressionTest_06.feature:28)
... Removed 20 stack frames]]>
    </failure>
  </testcase> <!-- feature -->
  <testcase name="feature" time="56.757" classname="cucumber.api.testng.AbstractTestNGCucumberTests"/>
  <testcase name="feature" time="105.161" classname="cucumber.api.testng.AbstractTestNGCucumberTests"/>
  <testcase name="feature" time="113.013" classname="cucumber.api.testng.AbstractTestNGCucumberTests"/>
  <testcase name="feature" time="106.056" classname="cucumber.api.testng.AbstractTestNGCucumberTests"/>
  <testcase name="feature" time="115.383" classname="cucumber.api.testng.AbstractTestNGCucumberTests"/>
  <testcase name="feature" time="49.845" classname="cucumber.api.testng.AbstractTestNGCucumberTests"/>
  <testcase name="feature" time="41.914" classname="cucumber.api.testng.AbstractTestNGCucumberTests"/>
  <testcase name="feature" time="42.113" classname="cucumber.api.testng.AbstractTestNGCucumberTests"/>
  <testcase name="feature" time="46.317" classname="cucumber.api.testng.AbstractTestNGCucumberTests"/>
</testsuite> <!-- WMS1_Export Data -->
