<!DOCTYPE html PUBLIC "-//W3C//DTD XHTML 1.1//EN" "http://www.w3.org/TR/xhtml11/DTD/xhtml11.dtd">
<html xmlns="http://www.w3.org/1999/xhtml">
<head>
<meta http-equiv="content-type" content="text/html; charset=UTF-8"/>
<title>TestNG Report</title>
<style type="text/css">table {margin-bottom:10px;border-collapse:collapse;empty-cells:show}th,td {border:1px solid #009;padding:.25em .5em}th {vertical-align:bottom}td {vertical-align:top}table a {font-weight:bold}.stripe td {background-color: #E6EBF9}.num {text-align:right}.passedodd td {background-color: #3F3}.passedeven td {background-color: #0A0}.skippedodd td {background-color: #DDD}.skippedeven td {background-color: #CCC}.failedodd td,.attn {background-color: #F33}.failedeven td,.stripe .attn {background-color: #D00}.stacktrace {white-space:pre;font-family:monospace}.totop {font-size:85%;text-align:center;border-bottom:2px solid #000}.invisible {display:none}</style>
</head>
<body>
<table>
<tr><th>Test</th><th># Passed</th><th># Skipped</th><th># Failed</th><th>Time (ms)</th><th>Included Groups</th><th>Excluded Groups</th></tr>
<tr><th colspan="7">Intelie Live Application- WMS1 Test Suites</th></tr>
<tr><td><a href="#t0">WMS1_Export Data</a></td><td class="num">11</td><td class="num">0</td><td class="num attn">3</td><td class="num">1,166,669</td><td></td><td></td></tr>
</table>
<table id='summary'><thead><tr><th>Class</th><th>Method</th><th>Start</th><th>Time (ms)</th></tr></thead><tbody><tr><th colspan="4">Intelie Live Application- WMS1 Test Suites</th></tr></tbody><tbody id="t0"><tr><th colspan="4">WMS1_Export Data &#8212; failed</th></tr><tr class="failedeven"><td rowspan="3">testRunner.TestRunner</td><td><a href="#m0">feature</a></td><td rowspan="3">1583403306156</td><td rowspan="3">76187</td></tr><tr class="failedeven"><td><a href="#m1">feature</a></td></tr><tr class="failedeven"><td><a href="#m2">feature</a></td></tr><tr><th colspan="4">WMS1_Export Data &#8212; passed</th></tr><tr class="passedeven"><td rowspan="11">testRunner.TestRunner</td><td><a href="#m3">feature</a></td><td rowspan="11">1583404017081</td><td rowspan="11">106056</td></tr><tr class="passedeven"><td><a href="#m4">feature</a></td></tr><tr class="passedeven"><td><a href="#m5">feature</a></td></tr><tr class="passedeven"><td><a href="#m6">feature</a></td></tr><tr class="passedeven"><td><a href="#m7">feature</a></td></tr><tr class="passedeven"><td><a href="#m8">feature</a></td></tr><tr class="passedeven"><td><a href="#m9">feature</a></td></tr><tr class="passedeven"><td><a href="#m10">feature</a></td></tr><tr class="passedeven"><td><a href="#m11">feature</a></td></tr><tr class="passedeven"><td><a href="#m12">feature</a></td></tr><tr class="passedeven"><td><a href="#m13">feature</a></td></tr></tbody>
</table>
<h2>WMS1_Export Data</h2><h3 id="m0">testRunner.TestRunner#feature</h3><table class="result"><tr class="param"><th>Parameter #1</th></tr><tr class="param stripe"><td>WMS1_BoreHoleParameterRed_HideTrack_ExpandedMode_RegressionTest_05</td></tr><tr><th>Exception</th></tr><tr><td><div class="stacktrace">cucumber.runtime.CucumberException: java.lang.AssertionError: expected [true] but found [false]
	at cucumber.api.testng.TestNGCucumberRunner.runCucumber(TestNGCucumberRunner.java:69)
	at cucumber.api.testng.AbstractTestNGCucumberTests.feature(AbstractTestNGCucumberTests.java:21)
	at java.util.concurrent.FutureTask.run(FutureTask.java:266)
	at java.util.concurrent.ThreadPoolExecutor.runWorker(ThreadPoolExecutor.java:1149)
	at java.util.concurrent.ThreadPoolExecutor$Worker.run(ThreadPoolExecutor.java:624)
	at java.lang.Thread.run(Thread.java:748)
Caused by: java.lang.AssertionError: expected [true] but found [false]
	at pageObjects.ScreenCaptureUtilityPage.validateScreenShotWithBaselineImage(ScreenCaptureUtilityPage.java:68)
	at stepDefenitions.ExpandedMode_HideAndDisplayTracks_Step.Expanded_track_one_should_be_hidden_hidden_track(ExpandedMode_HideAndDisplayTracks_Step.java:84)
	at ✽.Then Expanded Track one should be hidden same as normal mode hidden track(WMS1_BoreHoleParameterRed_HideTrack_ExpandedMode_RegressionTest_05.feature:20)
... Removed 20 stack frames</div></td></tr></table><p class="totop"><a href="#summary">back to summary</a></p>
<h3 id="m1">testRunner.TestRunner#feature</h3><table class="result"><tr class="param"><th>Parameter #1</th></tr><tr class="param stripe"><td>WMS1_BoreHoleParameterRed_HideTrack_ExpandedMode_RegressionTest_07</td></tr><tr><th>Exception</th></tr><tr><td><div class="stacktrace">cucumber.runtime.CucumberException: java.lang.AssertionError: expected [true] but found [false]
	at cucumber.api.testng.TestNGCucumberRunner.runCucumber(TestNGCucumberRunner.java:69)
	at cucumber.api.testng.AbstractTestNGCucumberTests.feature(AbstractTestNGCucumberTests.java:21)
	at java.util.concurrent.FutureTask.run(FutureTask.java:266)
	at java.util.concurrent.ThreadPoolExecutor.runWorker(ThreadPoolExecutor.java:1149)
	at java.util.concurrent.ThreadPoolExecutor$Worker.run(ThreadPoolExecutor.java:624)
	at java.lang.Thread.run(Thread.java:748)
Caused by: java.lang.AssertionError: expected [true] but found [false]
	at pageObjects.ScreenCaptureUtilityPage.validateScreenShotWithBaselineImage(ScreenCaptureUtilityPage.java:68)
	at stepDefenitions.ExpandedMode_HideAndDisplayTracks_Step.track_one_should_be_visible_at_its_original_place_for_restore_default_setting_for_expanded_Mode(ExpandedMode_HideAndDisplayTracks_Step.java:112)
	at ✽.Then Track one should be visible at its original place for restore default setting for expanded Mode(WMS1_BoreHoleParameterRed_UnHideTrack_ExpandedlMode_RegressionTest_07.feature:21)
... Removed 20 stack frames</div></td></tr></table><p class="totop"><a href="#summary">back to summary</a></p>
<h3 id="m2">testRunner.TestRunner#feature</h3><table class="result"><tr class="param"><th>Parameter #1</th></tr><tr class="param stripe"><td>WMS1_BoreHoleParameterRed_UnHideTrack_NormalMode_RegressionTest_06</td></tr><tr><th>Exception</th></tr><tr><td><div class="stacktrace">cucumber.runtime.CucumberException: java.lang.AssertionError: expected [true] but found [false]
	at cucumber.api.testng.TestNGCucumberRunner.runCucumber(TestNGCucumberRunner.java:69)
	at cucumber.api.testng.AbstractTestNGCucumberTests.feature(AbstractTestNGCucumberTests.java:21)
	at java.util.concurrent.FutureTask.run(FutureTask.java:266)
	at java.util.concurrent.ThreadPoolExecutor.runWorker(ThreadPoolExecutor.java:1149)
	at java.util.concurrent.ThreadPoolExecutor$Worker.run(ThreadPoolExecutor.java:624)
	at java.lang.Thread.run(Thread.java:748)
Caused by: java.lang.AssertionError: expected [true] but found [false]
	at pageObjects.ScreenCaptureUtilityPage.validateScreenShotWithBaselineImage(ScreenCaptureUtilityPage.java:68)
	at stepDefenitions.NormalMode_HideAndDispalyTracks_Steps.track_one_should_be_visible_at_its_original_place_after_pressing_apply_button_at_normal_mode(NormalMode_HideAndDispalyTracks_Steps.java:147)
	at ✽.Then Track one should be visible at its original place after pressing apply button at normal mode(WMS1_BoreHoleParameterRed_UnHideTrack_NormalMode_RegressionTest_06.feature:28)
... Removed 20 stack frames</div></td></tr></table><p class="totop"><a href="#summary">back to summary</a></p>
<h3 id="m3">testRunner.TestRunner#feature</h3><table class="result"><tr class="param"><th>Parameter #1</th></tr><tr class="param stripe"><td>RegressionTest_01_ Export data for WMS1 dashboard in JSON format</td></tr></table><p class="totop"><a href="#summary">back to summary</a></p>
<h3 id="m4">testRunner.TestRunner#feature</h3><table class="result"><tr class="param"><th>Parameter #1</th></tr><tr class="param stripe"><td>RegressionTest_01_NormaMode_Export data for WMS1 dashboard in PDF format</td></tr></table><p class="totop"><a href="#summary">back to summary</a></p>
<h3 id="m5">testRunner.TestRunner#feature</h3><table class="result"><tr class="param"><th>Parameter #1</th></tr><tr class="param stripe"><td>RegressionTest_01_NormalMode_Export data for WMS1 dashboard in CSV format</td></tr></table><p class="totop"><a href="#summary">back to summary</a></p>
<h3 id="m6">testRunner.TestRunner#feature</h3><table class="result"><tr class="param"><th>Parameter #1</th></tr><tr class="param stripe"><td>WMS1_LaggedMud-borneMeasurement-Yellow_HoverToFindMnemonics_Track2_RegressionTest_12</td></tr></table><p class="totop"><a href="#summary">back to summary</a></p>
<h3 id="m7">testRunner.TestRunner#feature</h3><table class="result"><tr class="param"><th>Parameter #1</th></tr><tr class="param stripe"><td>RegressionTest_01_NormalMode_Export data for WMS1 dashboard in Excel format</td></tr></table><p class="totop"><a href="#summary">back to summary</a></p>
<h3 id="m8">testRunner.TestRunner#feature</h3><table class="result"><tr class="param"><th>Parameter #1</th></tr><tr class="param stripe"><td>WMS1_BoreHoleParameterRed_HideTrack_NormalMode_RegressionTest_04</td></tr></table><p class="totop"><a href="#summary">back to summary</a></p>
<h3 id="m9">testRunner.TestRunner#feature</h3><table class="result"><tr class="param"><th>Parameter #1</th></tr><tr class="param stripe"><td>WMS1_Mud(Drilling Fluid)ParameterandMeasurement-Brown_HoverToFindMnemonics_Track3_RegressionTest_13</td></tr></table><p class="totop"><a href="#summary">back to summary</a></p>
<h3 id="m10">testRunner.TestRunner#feature</h3><table class="result"><tr class="param"><th>Parameter #1</th></tr><tr class="param stripe"><td>WMS1_MeasuredDrilling(RigMechanical)Values-Purple_HoverToFindMnemonics_RateOfPentrationInstantenous_RegressionTest_14</td></tr></table><p class="totop"><a href="#summary">back to summary</a></p>
<h3 id="m11">testRunner.TestRunner#feature</h3><table class="result"><tr class="param"><th>Parameter #1</th></tr><tr class="param stripe"><td>WMS1_BoreHole Parameter-Red_HoverToFindMnemonics_RegressionTest_11</td></tr></table><p class="totop"><a href="#summary">back to summary</a></p>
<h3 id="m12">testRunner.TestRunner#feature</h3><table class="result"><tr class="param"><th>Parameter #1</th></tr><tr class="param stripe"><td>WMS1_ExportData_ExpandedMode_RegressionTest02_PDF_Format</td></tr></table><p class="totop"><a href="#summary">back to summary</a></p>
<h3 id="m13">testRunner.TestRunner#feature</h3><table class="result"><tr class="param"><th>Parameter #1</th></tr><tr class="param stripe"><td>WMS1_RigStateTextWithOPModeTrack_Match_RegressionTest_20</td></tr></table><p class="totop"><a href="#summary">back to summary</a></p>
</body>
</html>
